2079
/data/ohler/Dina/Drosophila/Research/results/MarkovChain_3order/6_mer/34_pos.tab
2079
/data/ohler/Dina/Drosophila/Research/results/MarkovChain_3order/6_mer/27_pos.tab
2079
/data/ohler/Dina/Drosophila/Research/results/MarkovChain_3order/6_mer/33_pos.tab
2079
/data/ohler/Dina/Drosophila/Research/results/MarkovChain_3order/6_mer/38_pos.tab
2079
/data/ohler/Dina/Drosophila/Research/results/MarkovChain_3order/6_mer/11_pos.tab
2079
/data/ohler/Dina/Drosophila/Research/results/MarkovChain_3order/6_mer/12_pos.tab
2079
/data/ohler/Dina/Drosophila/Research/results/MarkovChain_3order/6_mer/21_pos.tab
2079
/data/ohler/Dina/Drosophila/Research/results/MarkovChain_3order/6_mer/22_pos.tab
2079
/data/ohler/Dina/Drosophila/Research/results/MarkovChain_3order/6_mer/36_pos.tab
2079
/data/ohler/Dina/Drosophila/Research/results/MarkovChain_3order/6_mer/24_pos.tab
2079
/data/ohler/Dina/Drosophila/Research/results/MarkovChain_3order/6_mer/26_pos.tab
2079
/data/ohler/Dina/Drosophila/Research/results/MarkovChain_3order/6_mer/14_pos.tab
2079
/data/ohler/Dina/Drosophila/Research/results/MarkovChain_3order/6_mer/13_pos.tab
2079
/data/ohler/Dina/Drosophila/Research/results/MarkovChain_3order/6_mer/29_pos.tab
2079
/data/ohler/Dina/Drosophila/Research/results/MarkovChain_3order/6_mer/30_pos.tab
2079
/data/ohler/Dina/Drosophila/Research/results/MarkovChain_3order/6_mer/37_pos.tab
2079
/data/ohler/Dina/Drosophila/Research/results/MarkovChain_3order/6_mer/18_pos.tab
2079
/data/ohler/Dina/Drosophila/Research/results/MarkovChain_3order/6_mer/16_pos.tab
2079
/data/ohler/Dina/Drosophila/Research/results/MarkovChain_3order/6_mer/32_pos.tab
2079
/data/ohler/Dina/Drosophila/Research/results/MarkovChain_3order/6_mer/19_pos.tab
8191
/data/ohler/Dina/Drosophila/Research/results/MarkovChain_3order/7_mer/31_pos.tab
2079
/data/ohler/Dina/Drosophila/Research/results/MarkovChain_3order/6_mer/25_pos.tab
2079
/data/ohler/Dina/Drosophila/Research/results/MarkovChain_3order/6_mer/28_pos.tab
2079
/data/ohler/Dina/Drosophila/Research/results/MarkovChain_3order/6_mer/35_pos.tab
8191
/data/ohler/Dina/Drosophila/Research/results/MarkovChain_3order/7_mer/11_pos.tab
8191
/data/ohler/Dina/Drosophila/Research/results/MarkovChain_3order/7_mer/12_pos.tab
2079
/data/ohler/Dina/Drosophila/Research/results/MarkovChain_3order/6_mer/17_pos.tab
8191
/data/ohler/Dina/Drosophila/Research/results/MarkovChain_3order/7_mer/39_pos.tab
8191
/data/ohler/Dina/Drosophila/Research/results/MarkovChain_3order/7_mer/22_pos.tab
2079
/data/ohler/Dina/Drosophila/Research/results/MarkovChain_3order/6_mer/20_pos.tab
2079
/data/ohler/Dina/Drosophila/Research/results/MarkovChain_3order/6_mer/23_pos.tab
2079
/data/ohler/Dina/Drosophila/Research/results/MarkovChain_3order/6_mer/15_pos.tab
8191
/data/ohler/Dina/Drosophila/Research/results/MarkovChain_3order/7_mer/21_pos.tab
8191
/data/ohler/Dina/Drosophila/Research/results/MarkovChain_3order/7_mer/33_pos.tab
8191
/data/ohler/Dina/Drosophila/Research/results/MarkovChain_3order/7_mer/34_pos.tab
8191
/data/ohler/Dina/Drosophila/Research/results/MarkovChain_3order/7_mer/38_pos.tab
8191
/data/ohler/Dina/Drosophila/Research/results/MarkovChain_3order/7_mer/14_pos.tab
8191
/data/ohler/Dina/Drosophila/Research/results/MarkovChain_3order/7_mer/24_pos.tab
8191
/data/ohler/Dina/Drosophila/Research/results/MarkovChain_3order/7_mer/26_pos.tab
8191
/data/ohler/Dina/Drosophila/Research/results/MarkovChain_3order/7_mer/27_pos.tab
8191
/data/ohler/Dina/Drosophila/Research/results/MarkovChain_3order/7_mer/13_pos.tab
8191
/data/ohler/Dina/Drosophila/Research/results/MarkovChain_3order/7_mer/36_pos.tab
8191
/data/ohler/Dina/Drosophila/Research/results/MarkovChain_3order/7_mer/16_pos.tab
8191
/data/ohler/Dina/Drosophila/Research/results/MarkovChain_3order/7_mer/18_pos.tab
8191
/data/ohler/Dina/Drosophila/Research/results/MarkovChain_3order/7_mer/19_pos.tab
8191
/data/ohler/Dina/Drosophila/Research/results/MarkovChain_3order/7_mer/29_pos.tab
8191
/data/ohler/Dina/Drosophila/Research/results/MarkovChain_3order/7_mer/30_pos.tab
8191
/data/ohler/Dina/Drosophila/Research/results/MarkovChain_3order/7_mer/32_pos.tab
8191
/data/ohler/Dina/Drosophila/Research/results/MarkovChain_3order/7_mer/25_pos.tab
32895
/data/ohler/Dina/Drosophila/Research/results/MarkovChain_3order/8_mer/31_pos.tab
8191
/data/ohler/Dina/Drosophila/Research/results/MarkovChain_3order/7_mer/28_pos.tab
8191
/data/ohler/Dina/Drosophila/Research/results/MarkovChain_3order/7_mer/17_pos.tab
8191
/data/ohler/Dina/Drosophila/Research/results/MarkovChain_3order/7_mer/20_pos.tab
32895
/data/ohler/Dina/Drosophila/Research/results/MarkovChain_3order/8_mer/39_pos.tab
8191
/data/ohler/Dina/Drosophila/Research/results/MarkovChain_3order/7_mer/15_pos.tab
8191
/data/ohler/Dina/Drosophila/Research/results/MarkovChain_3order/7_mer/23_pos.tab
32895
/data/ohler/Dina/Drosophila/Research/results/MarkovChain_3order/8_mer/27_pos.tab
32895
/data/ohler/Dina/Drosophila/Research/results/MarkovChain_3order/8_mer/33_pos.tab
8191
/data/ohler/Dina/Drosophila/Research/results/MarkovChain_3order/7_mer/35_pos.tab
32895
/data/ohler/Dina/Drosophila/Research/results/MarkovChain_3order/8_mer/38_pos.tab
32895
/data/ohler/Dina/Drosophila/Research/results/MarkovChain_3order/8_mer/12_pos.tab
32895
/data/ohler/Dina/Drosophila/Research/results/MarkovChain_3order/8_mer/34_pos.tab
32895
/data/ohler/Dina/Drosophila/Research/results/MarkovChain_3order/8_mer/21_pos.tab
32895
/data/ohler/Dina/Drosophila/Research/results/MarkovChain_3order/8_mer/22_pos.tab
32895
/data/ohler/Dina/Drosophila/Research/results/MarkovChain_3order/8_mer/26_pos.tab
32895
/data/ohler/Dina/Drosophila/Research/results/MarkovChain_3order/8_mer/13_pos.tab
32895
/data/ohler/Dina/Drosophila/Research/results/MarkovChain_3order/8_mer/24_pos.tab
32895
/data/ohler/Dina/Drosophila/Research/results/MarkovChain_3order/8_mer/29_pos.tab
32895
/data/ohler/Dina/Drosophila/Research/results/MarkovChain_3order/8_mer/30_pos.tab
32895
/data/ohler/Dina/Drosophila/Research/results/MarkovChain_3order/8_mer/32_pos.tab
32895
/data/ohler/Dina/Drosophila/Research/results/MarkovChain_3order/8_mer/11_pos.tab
32895
/data/ohler/Dina/Drosophila/Research/results/MarkovChain_3order/8_mer/16_pos.tab
32895
/data/ohler/Dina/Drosophila/Research/results/MarkovChain_3order/8_mer/18_pos.tab
32895
/data/ohler/Dina/Drosophila/Research/results/MarkovChain_3order/8_mer/35_pos.tab
32895
/data/ohler/Dina/Drosophila/Research/results/MarkovChain_3order/8_mer/37_pos.tab
511
/data/ohler/Dina/Drosophila/Research/results/MarkovChain_3order/5_mer/all_pos_not_15.tab
511
/data/ohler/Dina/Drosophila/Research/results/MarkovChain_3order/5_mer/all_pos_not_18.tab
511
/data/ohler/Dina/Drosophila/Research/results/MarkovChain_3order/5_mer/all_pos_not_28.tab
32895
/data/ohler/Dina/Drosophila/Research/results/MarkovChain_3order/8_mer/36_pos.tab
5.tab
511
/data/ohler/Dina/Drosophila/Research/results/MarkovChain_3order/5_mer/all_pos_not_23.tab
32895
/data/ohler/Dina/Drosophila/Research/results/MarkovChain_3order/8_mer/14_pos.tab
511
/data/ohler/Dina/Drosophila/Research/results/MarkovChain_3order/5_mer/all_pos_not_20.tab
511
/data/ohler/Dina/Drosophila/Research/results/MarkovChain_3order/5_mer/all_pos_not_19.tab
511
/data/ohler/Dina/Drosophila/Research/results/MarkovChain_3order/5_mer/all_pos_not_17.tab
511
/data/ohler/Dina/Drosophila/Research/results/MarkovChain_3order/5_mer/all_pos_not_24.tab
511
/data/ohler/Dina/Drosophila/Research/results/MarkovChain_3order/5_mer/all_pos_not_35.tab
511
/data/ohler/Dina/Drosophila/Research/results/MarkovChain_3order/5_mer/all_pos_not_38.tab
511
/data/ohler/Dina/Drosophila/Research/results/MarkovChain_3order/5_mer/all_pos_not_26.tab
511
/data/ohler/Dina/Drosophila/Research/results/MarkovChain_3order/5_mer/all_pos_not_32.tab
511
/data/ohler/Dina/Drosophila/Research/results/MarkovChain_3order/5_mer/all_pos_not_29.tab
511
/data/ohler/Dina/Drosophila/Research/results/MarkovChain_3order/5_mer/all_pos_not_22.tab
511
/data/ohler/Dina/Drosophila/Research/results/MarkovChain_3order/5_mer/all_pos_not_16.tab
511
/data/ohler/Dina/Drosophila/Research/results/MarkovChain_3order/5_mer/all_pos_not_11.tab
511
/data/ohler/Dina/Drosophila/Research/results/MarkovChain_3order/5_mer/all_pos_not_31.tab
511
/data/ohler/Dina/Drosophila/Research/results/MarkovChain_3order/5_mer/all_pos_not_30.tab
511
/data/ohler/Dina/Drosophila/Research/results/MarkovChain_3order/5_mer/all_pos_not_37.tab
511
/data/ohler/Dina/Drosophila/Research/results/MarkovChain_3order/5_mer/all_pos_not_12.tab
511
/data/ohler/Dina/Drosophila/Research/results/MarkovChain_3order/5_mer/all_pos_not_13.tab
511
/data/ohler/Dina/Drosophila/Research/results/MarkovChain_3order/5_mer/all_pos_not_27.tab
511
/data/ohler/Dina/Drosophila/Research/results/MarkovChain_3order/5_mer/all_pos_not_36.tab
511
/data/ohler/Dina/Drosophila/Research/results/MarkovChain_3order/5_mer/all_pos_not_21.tab
511
/data/ohler/Dina/Drosophila/Research/results/MarkovChain_3order/5_mer/all_pos_not_33.tab
511
/data/ohler/Dina/Drosophila/Research/results/MarkovChain_3order/5_mer/all_pos_not_14.tab
511
/data/ohler/Dina/Drosophila/Research/results/MarkovChain_3order/5_mer/all_pos_not_34.tab
511
/data/ohler/Dina/Drosophila/Research/results/MarkovChain_3order/5_mer/all_pos_not_39.tab
32895
/data/ohler/Dina/Drosophila/Research/results/MarkovChain_3order/8_mer/28_pos.tab
32895
/data/ohler/Dina/Drosophila/Research/results/MarkovChain_3order/8_mer/25_pos.tab
32895
/data/ohler/Dina/Drosophila/Research/results/MarkovChain_3order/8_mer/19_pos.tab
32895
/data/ohler/Dina/Drosophila/Research/results/MarkovChain_3order/8_mer/17_pos.tab
32895
/data/ohler/Dina/Drosophila/Research/results/MarkovChain_3order/8_mer/20_pos.tab
511
Traceback (most recent call last):
  File "/data/ohler/Dina/Drosophila/Research/code/kmerCount/src/getKmer_Libsvm2.py", line 75, in <module>
    main();
  File "/data/ohler/Dina/Drosophila/Research/code/kmerCount/src/getKmer_Libsvm2.py", line 41, in main
    singleIndex = seqFile.index("_single");
ValueError: substring not found
8191
Traceback (most recent call last):
  File "/data/ohler/Dina/Drosophila/Research/code/kmerCount/src/getKmer_Libsvm2.py", line 75, in <module>
    main();
  File "/data/ohler/Dina/Drosophila/Research/code/kmerCount/src/getKmer_Libsvm2.py", line 41, in main
    singleIndex = seqFile.index("_single");
ValueError: substring not found

32895
/data/ohler/Dina/Drosophila/Research/results/MarkovChain_3order/8_mer/23_pos.tab
32895
/data/ohler/Dina/Drosophila/Research/results/MarkovChain_3order/8_mer/15_pos.tab
511
/data/ohler/Dina/Drosophila/Research/results/MarkovChain_3order/5_mer/ubiquitous.tab
Traceback (most recent call last):
  File "/data/ohler/Dina/Drosophila/Research/code/kmerCount/src/getKmer_Libsvm2.py", line 75, in <module>
    main();
  File "/data/ohler/Dina/Drosophila/Research/code/kmerCount/src/getKmer_Libsvm2.py", line 55, in main
    sequenceFile = open(sequenceFileName,'r');
IOError: [Errno 2] No such file or directory: '/data/ohler/Dina/Drosophila/Research/data/ClusterDHS/ubiquitous_single.fa'
32895
/data/ohler/Dina/Drosophila/Research/results/MarkovChain_3order/8_mer/ubiquitous.tab
Traceback (most recent call last):
  File "/data/ohler/Dina/Drosophila/Research/code/kmerCount/src/getKmer_Libsvm2.py", line 75, in <module>
    main();
  File "/data/ohler/Dina/Drosophila/Research/code/kmerCount/src/getKmer_Libsvm2.py", line 55, in main
    sequenceFile = open(sequenceFileName,'r');
IOError: [Errno 2] No such file or directory: '/data/ohler/Dina/Drosophila/Research/data/ClusterDHS/ubiquitous_single.fa'
2079
/data/ohler/Dina/Drosophila/Research/results/MarkovChain_3order/6_mer/all_pos_not_23.tab
2079
/data/ohler/Dina/Drosophila/Research/results/MarkovChain_3order/6_mer/all_pos_not_15.tab
2079
/data/ohler/Dina/Drosophila/Research/results/MarkovChain_3order/6_mer/all_pos_not_35.tab
2079
/data/ohler/Dina/Drosophila/Research/results/MarkovChain_3order/6_mer/all_pos_not_17.tab
2079
/data/ohler/Dina/Drosophila/Research/results/MarkovChain_3order/6_mer/all_pos_not_21.tab
2079
/data/ohler/Dina/Drosophila/Research/results/MarkovChain_3order/6_mer/ubiquitous.tab
tab
2079
/data/ohler/Dina/Drosophila/Research/results/MarkovChain_3order/6_mer/all_pos_not_16.tab
2079
/data/ohler/Dina/Drosophila/Research/results/MarkovChain_3order/6_mer/all_pos_not_18.tab
8191
/data/ohler/Dina/Drosophila/Research/results/MarkovChain_3order/7_mer/ubiquitous.tab
2079
/data/ohler/Dina/Drosophila/Research/results/MarkovChain_3order/6_mer/all_pos_not_19.tab
2079
/data/ohler/Dina/Drosophila/Research/results/MarkovChain_3order/6_mer/all_pos_not_29.tab
2079
/data/ohler/Dina/Drosophila/Research/results/MarkovChain_3order/6_mer/all_pos_not_32.tab
2079
/data/ohler/Dina/Drosophila/Research/results/MarkovChain_3order/6_mer/all_pos_not_14.tab
2079
/data/ohler/Dina/Drosophila/Research/results/MarkovChain_3order/6_mer/all_pos_not_27.tab
2079
/data/ohler/Dina/Drosophila/Research/results/MarkovChain_3order/6_mer/all_pos_not_36.tab
2079
/data/ohler/Dina/Drosophila/Research/results/MarkovChain_3order/6_mer/all_pos_not_12.tab
32895
/data/ohler/Dina/Drosophila/Research/results/MarkovChain_3order/8_mer/ubiquitous.tab
2079
/data/ohler/Dina/Drosophila/Research/results/MarkovChain_3order/6_mer/all_pos_not_22.tab
2079
/data/ohler/Dina/Drosophila/Research/results/MarkovChain_3order/6_mer/all_pos_not_25.tab
2079
/data/ohler/Dina/Drosophila/Research/results/MarkovChain_3order/6_mer/all_pos_not_28.tab
2079
/data/ohler/Dina/Drosophila/Research/results/MarkovChain_3order/6_mer/all_pos_not_34.tab
2079
/data/ohler/Dina/Drosophila/Research/results/MarkovChain_3order/6_mer/all_pos_not_13.tab
2079
/data/ohler/Dina/Drosophila/Research/results/MarkovChain_3order/6_mer/all_pos_not_24.tab
2079
/data/ohler/Dina/Drosophila/Research/results/MarkovChain_3order/6_mer/all_pos_not_31.tab
2079
/data/ohler/Dina/Drosophila/Research/results/MarkovChain_3order/6_mer/all_pos_not_30.tab
2079
/data/ohler/Dina/Drosophila/Research/results/MarkovChain_3order/6_mer/all_pos_not_37.tab
2079
/data/ohler/Dina/Drosophila/Research/results/MarkovChain_3order/6_mer/all_pos_not_33.tab
2079
/data/ohler/Dina/Drosophila/Research/results/MarkovChain_3order/6_mer/all_pos_not_26.tab
2079
/data/ohler/Dina/Drosophila/Research/results/MarkovChain_3order/6_mer/all_pos_not_11.tab
2079
/data/ohler/Dina/Drosophila/Research/results/MarkovChain_3order/6_mer/all_pos_not_38.tab
2079
/data/ohler/Dina/Drosophila/Research/results/MarkovChain_3order/6_mer/all_pos_not_39.tab
8191
/data/ohler/Dina/Drosophila/Research/results/MarkovChain_3order/7_mer/all_pos_not_17.tab
8191
/data/ohler/Dina/Drosophila/Research/results/MarkovChain_3order/7_mer/all_pos_not_15.tab
8191
/data/ohler/Dina/Drosophila/Research/results/MarkovChain_3order/7_mer/all_pos_not_20.tab
8191
/data/ohler/Dina/Drosophila/Research/results/MarkovChain_3order/7_mer/all_pos_not_13.tab
8191
/data/ohler/Dina/Drosophila/Research/results/MarkovChain_3order/7_mer/all_pos_not_19.tab
8191
/data/ohler/Dina/Drosophila/Research/results/MarkovChain_3order/7_mer/all_pos_not_26.tab
8191
/data/ohler/Dina/Drosophila/Research/results/MarkovChain_3order/7_mer/all_pos_not_33.tab
8191
/data/ohler/Dina/Drosophila/Research/results/MarkovChain_3order/7_mer/all_pos_not_23.tab
8191
/data/ohler/Dina/Drosophila/Research/results/MarkovChain_3order/7_mer/all_pos_not_25.tab
8191
/data/ohler/Dina/Drosophila/Research/results/MarkovChain_3order/7_mer/all_pos_not_37.tab
8191
/data/ohler/Dina/Drosophila/Research/results/MarkovChain_3order/7_mer/all_pos_not_35.tab
8191
/data/ohler/Dina/Drosophila/Research/results/MarkovChain_3order/7_mer/all_pos_not_34.tab
8191
/data/ohler/Dina/Drosophila/Research/results/MarkovChain_3order/7_mer/all_pos_not_14.tab
8191
/data/ohler/Dina/Drosophila/Research/results/MarkovChain_3order/7_mer/all_pos_not_16.tab
8191
/data/ohler/Dina/Drosophila/Research/results/MarkovChain_3order/7_mer/all_pos_not_29.tab
8191
/data/ohler/Dina/Drosophila/Research/results/MarkovChain_3order/7_mer/all_pos_not_28.tab
8191
/data/ohler/Dina/Drosophila/Research/results/MarkovChain_3order/7_mer/all_pos_not_30.tab
8191
/data/ohler/Dina/Drosophila/Research/results/MarkovChain_3order/7_mer/all_pos_not_36.tab
8191
/data/ohler/Dina/Drosophila/Research/results/MarkovChain_3order/7_mer/all_pos_not_11.tab
8191
/data/ohler/Dina/Drosophila/Research/results/MarkovChain_3order/7_mer/all_pos_not_27.tab
8191
/data/ohler/Dina/Drosophila/Research/results/MarkovChain_3order/7_mer/all_pos_not_12.tab
8191
/data/ohler/Dina/Drosophila/Research/results/MarkovChain_3order/7_mer/all_pos_not_21.tab
8191
/data/ohler/Dina/Drosophila/Research/results/MarkovChain_3order/7_mer/all_pos_not_18.tab
8191
/data/ohler/Dina/Drosophila/Research/results/MarkovChain_3order/7_mer/all_pos_not_22.tab
8191
/data/ohler/Dina/Drosophila/Research/results/MarkovChain_3order/7_mer/all_pos_not_24.tab
8191
/data/ohler/Dina/Drosophila/Research/results/MarkovChain_3order/7_mer/all_pos_not_32.tab
8191
/data/ohler/Dina/Drosophila/Research/results/MarkovChain_3order/7_mer/all_pos_not_38.tab
8191
/data/ohler/Dina/Drosophila/Research/results/MarkovChain_3order/7_mer/all_pos_not_39.tab
8191
/data/ohler/Dina/Drosophila/Research/results/MarkovChain_3order/7_mer/all_pos_not_31.tab
32895
/data/ohler/Dina/Drosophila/Research/results/MarkovChain_3order/8_mer/all_pos_not_15.tab
32895
/data/ohler/Dina/Drosophila/Research/results/MarkovChain_3order/8_mer/all_pos_not_17.tab
32895
/data/ohler/Dina/Drosophila/Research/results/MarkovChain_3order/8_mer/all_pos_not_20.tab
32895
/data/ohler/Dina/Drosophila/Research/results/MarkovChain_3order/8_mer/all_pos_not_16.tab
32895
/data/ohler/Dina/Drosophila/Research/results/MarkovChain_3order/8_mer/all_pos_not_37.tab
32895
/data/ohler/Dina/Drosophila/Research/results/MarkovChain_3order/8_mer/all_pos_not_39.tab
32895
/data/ohler/Dina/Drosophila/Research/results/MarkovChain_3order/8_mer/all_pos_not_32.tab
32895
/data/ohler/Dina/Drosophila/Research/results/MarkovChain_3order/8_mer/all_pos_not_18.tab
32895
/data/ohler/Dina/Drosophila/Research/results/MarkovChain_3order/8_mer/all_pos_not_30.tab
32895
/data/ohler/Dina/Drosophila/Research/results/MarkovChain_3order/8_mer/all_pos_not_23.tab
32895
/data/ohler/Dina/Drosophila/Research/results/MarkovChain_3order/8_mer/all_pos_not_35.tab
32895
/data/ohler/Dina/Drosophila/Research/results/MarkovChain_3order/8_mer/all_pos_not_11.tab
32895
/data/ohler/Dina/Drosophila/Research/results/MarkovChain_3order/8_mer/all_pos_not_21.tab
32895
/data/ohler/Dina/Drosophila/Research/results/MarkovChain_3order/8_mer/all_pos_not_36.tab
32895
/data/ohler/Dina/Drosophila/Research/results/MarkovChain_3order/8_mer/all_pos_not_26.tab
32895
/data/ohler/Dina/Drosophila/Research/results/MarkovChain_3order/8_mer/all_pos_not_27.tab
32895
/data/ohler/Dina/Drosophila/Research/results/MarkovChain_3order/8_mer/all_pos_not_14.tab
32895
/data/ohler/Dina/Drosophila/Research/results/MarkovChain_3order/8_mer/all_pos_not_31.tab
32895
/data/ohler/Dina/Drosophila/Research/results/MarkovChain_3order/8_mer/all_pos_not_13.tab
32895
/data/ohler/Dina/Drosophila/Research/results/MarkovChain_3order/8_mer/all_pos_not_33.tab
32895
/data/ohler/Dina/Drosophila/Research/results/MarkovChain_3order/8_mer/all_pos_not_28.tab
32895
/data/ohler/Dina/Drosophila/Research/results/MarkovChain_3order/8_mer/all_pos_not_34.tab
32895
/data/ohler/Dina/Drosophila/Research/results/MarkovChain_3order/8_mer/all_pos_not_29.tab
32895
/data/ohler/Dina/Drosophila/Research/results/MarkovChain_3order/8_mer/all_pos_not_24.tab
32895
/data/ohler/Dina/Drosophila/Research/results/MarkovChain_3order/8_mer/all_pos_not_12.tab
32895
/data/ohler/Dina/Drosophila/Research/results/MarkovChain_3order/8_mer/all_pos_not_19.tab
32895
/data/ohler/Dina/Drosophila/Research/results/MarkovChain_3order/8_mer/all_pos_not_38.tab
32895
/data/ohler/Dina/Drosophila/Research/results/MarkovChain_3order/8_mer/all_pos_not_22.tab
32895
/data/ohler/Dina/Drosophila/Research/results/MarkovChain_3order/8_mer/all_pos_not_25.tab
